<?xml version="1.0" encoding="UTF-8"?>
<testng-results ignored="0" total="1" passed="1" failed="0" skipped="0">
  <reporter-output>
  </reporter-output>
  <suite started-at="2025-04-02T10:25:30 IST" name="Default suite" finished-at="2025-04-02T10:26:10 IST" duration-ms="39662">
    <groups>
    </groups>
    <test started-at="2025-04-02T10:25:30 IST" name="Default test" finished-at="2025-04-02T10:26:10 IST" duration-ms="39662">
      <class name="Agrovet.Samadhan.Grader.GradingRequestTest">
        <test-method is-config="true" signature="startApp()[pri:0, instance:Agrovet.Samadhan.Grader.GradingRequestTest@3bf7ca37]" started-at="2025-04-02T10:25:30 IST" name="startApp" finished-at="2025-04-02T10:25:39 IST" duration-ms="8476" status="PASS">
          <reporter-output>
          </reporter-output>
        </test-method> <!-- startApp -->
        <test-method signature="verifyUserAbleToSendRequestedTransactionIdForGrading()[pri:0, instance:Agrovet.Samadhan.Grader.GradingRequestTest@3bf7ca37]" started-at="2025-04-02T10:25:39 IST" name="verifyUserAbleToSendRequestedTransactionIdForGrading" finished-at="2025-04-02T10:26:09 IST" duration-ms="30419" status="PASS">
          <reporter-output>
          </reporter-output>
        </test-method> <!-- verifyUserAbleToSendRequestedTransactionIdForGrading -->
        <test-method is-config="true" signature="closeApp()[pri:0, instance:Agrovet.Samadhan.Grader.GradingRequestTest@3bf7ca37]" started-at="2025-04-02T10:26:09 IST" name="closeApp" finished-at="2025-04-02T10:26:10 IST" duration-ms="653" status="PASS">
          <reporter-output>
          </reporter-output>
        </test-method> <!-- closeApp -->
      </class> <!-- Agrovet.Samadhan.Grader.GradingRequestTest -->
    </test> <!-- Default test -->
  </suite> <!-- Default suite -->
</testng-results>
