<?xml version="1.0" encoding="UTF-8"?>
<testng-results ignored="0" total="1" passed="1" failed="0" skipped="0">
  <reporter-output>
  </reporter-output>
  <suite started-at="2025-03-19T14:02:04 IST" name="Default suite" finished-at="2025-03-19T14:03:01 IST" duration-ms="57649">
    <groups>
    </groups>
    <test started-at="2025-03-19T14:02:04 IST" name="Default test" finished-at="2025-03-19T14:03:01 IST" duration-ms="57649">
      <class name="Agrovet.Samadhan.Grader.LoginTest">
        <test-method is-config="true" signature="startApp()[pri:0, instance:Agrovet.Samadhan.Grader.LoginTest@78691363]" started-at="2025-03-19T14:02:04 IST" name="startApp" finished-at="2025-03-19T14:02:12 IST" duration-ms="8016" status="PASS">
          <reporter-output>
          </reporter-output>
        </test-method> <!-- startApp -->
        <test-method signature="verifyUserAbleToLoginWithValidCredential()[pri:0, instance:Agrovet.Samadhan.Grader.LoginTest@78691363]" started-at="2025-03-19T14:02:12 IST" name="verifyUserAbleToLoginWithValidCredential" finished-at="2025-03-19T14:03:01 IST" duration-ms="48734" status="PASS">
          <reporter-output>
          </reporter-output>
        </test-method> <!-- verifyUserAbleToLoginWithValidCredential -->
        <test-method is-config="true" signature="closeApp()[pri:0, instance:Agrovet.Samadhan.Grader.LoginTest@78691363]" started-at="2025-03-19T14:03:01 IST" name="closeApp" finished-at="2025-03-19T14:03:01 IST" duration-ms="784" status="PASS">
          <reporter-output>
          </reporter-output>
        </test-method> <!-- closeApp -->
      </class> <!-- Agrovet.Samadhan.Grader.LoginTest -->
    </test> <!-- Default test -->
  </suite> <!-- Default suite -->
</testng-results>
