<?xml version="1.0" encoding="UTF-8"?>
<!-- Generated by org.testng.reporters.JUnitXMLReporter -->
<testsuite ignored="6" hostname="GAVLMUMDT-046" failures="0" tests="1" name="Default test" time="57.649" errors="0" timestamp="2025-03-19T14:03:01 IST">
  <testcase classname="Agrovet.Samadhan.Grader.LoginTest" name="verifyUserAbleToLoginWithValidCredential" time="48.734"/>
  <testcase classname="Agrovet.Samadhan.Grader.LoginTest" name="verifyUserAbleToLoginWhenNearToCcCenter" time="0.0">
    <ignored/>
  </testcase> <!-- verifyUserAbleToLoginWhenNearToCcCenter -->
  <testcase classname="Agrovet.Samadhan.Grader.LoginTest" name="verifyUserNotBeAbleToLoginWithoutInternet" time="0.0">
    <ignored/>
  </testcase> <!-- verifyUserNotBeAbleToLoginWithoutInternet -->
  <testcase classname="Agrovet.Samadhan.Grader.LoginTest" name="verifyUserAbleToLoginWithInvalidMobileNumber" time="0.0">
    <ignored/>
  </testcase> <!-- verifyUserAbleToLoginWithInvalidMobileNumber -->
  <testcase classname="Agrovet.Samadhan.Grader.LoginTest" name="verifyUserAbleToLoginWithInvalidOtp" time="0.0">
    <ignored/>
  </testcase> <!-- verifyUserAbleToLoginWithInvalidOtp -->
  <testcase classname="Agrovet.Samadhan.Grader.LoginTest" name="verifyUserAbleToLoginWhenFarFromCcCenter" time="0.0">
    <ignored/>
  </testcase> <!-- verifyUserAbleToLoginWhenFarFromCcCenter -->
  <testcase classname="Agrovet.Samadhan.Grader.LoginTest" name="verifyUserAbleToLoginWithInvalidCcCode" time="0.0">
    <ignored/>
  </testcase> <!-- verifyUserAbleToLoginWithInvalidCcCode -->
</testsuite> <!-- Default test -->
