<?xml version="1.0" encoding="UTF-8"?>
<!-- Generated by org.testng.reporters.JUnitXMLReporter -->
<testsuite ignored="9" hostname="GAVLMUMDT-046" failures="0" tests="1" name="Default test" time="39.662" errors="0" timestamp="2025-04-02T10:26:10 IST">
  <testcase classname="Agrovet.Samadhan.Grader.GradingRequestTest" name="verifyUserAbleToSendRequestedTransactionIdForGrading" time="30.419"/>
  <testcase classname="Agrovet.Samadhan.Grader.GradingRequestTest" name="verifyUserAbleToSendRequestedTransactionIdForGradingWithoutEnteringLongStalkBunchDetails" time="0.0">
    <ignored/>
  </testcase> <!-- verifyUserAbleToSendRequestedTransactionIdForGradingWithoutEnteringLongStalkBunchDetails -->
  <testcase classname="Agrovet.Samadhan.Grader.GradingRequestTest" name="verifyUserAbleToSendRequestedTransactionIdForGradingWithoutEnteringComment" time="0.0">
    <ignored/>
  </testcase> <!-- verifyUserAbleToSendRequestedTransactionIdForGradingWithoutEnteringComment -->
  <testcase classname="Agrovet.Samadhan.Grader.GradingRequestTest" name="verifyUserAbleToSendRequestedTransactionIdForGradingWithoutEnteringUnderRippenBunchDetails" time="0.0">
    <ignored/>
  </testcase> <!-- verifyUserAbleToSendRequestedTransactionIdForGradingWithoutEnteringUnderRippenBunchDetails -->
  <testcase classname="Agrovet.Samadhan.Grader.GradingRequestTest" name="verifyUserAbleToSendRequestedTransactionIdForGradingWithoutEnteringLooseFruitDetails" time="0.0">
    <ignored/>
  </testcase> <!-- verifyUserAbleToSendRequestedTransactionIdForGradingWithoutEnteringLooseFruitDetails -->
  <testcase classname="Agrovet.Samadhan.Grader.GradingRequestTest" name="verifyUserAbleToSendRequestedTransactionIdForGradingWithoutEnteringSmallBunchDetails" time="0.0">
    <ignored/>
  </testcase> <!-- verifyUserAbleToSendRequestedTransactionIdForGradingWithoutEnteringSmallBunchDetails -->
  <testcase classname="Agrovet.Samadhan.Grader.GradingRequestTest" name="verifyUserAbleToSendRequestedTransactionIdForGradingWithoutEnteringRottenBunchDetails" time="0.0">
    <ignored/>
  </testcase> <!-- verifyUserAbleToSendRequestedTransactionIdForGradingWithoutEnteringRottenBunchDetails -->
  <testcase classname="Agrovet.Samadhan.Grader.GradingRequestTest" name="verifyUserAbleToSendRequestedTransactionIdForGradingWithoutEnteringBouquetBunchDetails" time="0.0">
    <ignored/>
  </testcase> <!-- verifyUserAbleToSendRequestedTransactionIdForGradingWithoutEnteringBouquetBunchDetails -->
  <testcase classname="Agrovet.Samadhan.Grader.GradingRequestTest" name="verifyUserAbleToSendRequestedTransactionIdForGradingWithoutEnteringDamagedBunchDetails" time="0.0">
    <ignored/>
  </testcase> <!-- verifyUserAbleToSendRequestedTransactionIdForGradingWithoutEnteringDamagedBunchDetails -->
  <testcase classname="Agrovet.Samadhan.Grader.GradingRequestTest" name="verifyUserAbleToSendRequestedTransactionIdForGradingWithoutEnteringUnrippennBunchDetails" time="0.0">
    <ignored/>
  </testcase> <!-- verifyUserAbleToSendRequestedTransactionIdForGradingWithoutEnteringUnrippennBunchDetails -->
</testsuite> <!-- Default test -->
